<?xml version="1.0" encoding="UTF-8"?>
<!-- Generated by org.testng.reporters.JUnitXMLReporter -->
<testsuite hostname="LAPTOP-0P5Q4BUF" ignored="0" name="Default test" tests="4" failures="0" timestamp="2020-08-12T21:55:59 IST" time="95.471" errors="0">
  <testcase name="verifycontactsTest" time="0.108" classname="com.automationFramework.testcases.ContactsPageTest"/>
  <testcase name="newcontactlinkTest" time="4.446" classname="com.automationFramework.testcases.ContactsPageTest"/>
  <testcase name="newcontactlinkTest" time="4.755" classname="com.automationFramework.testcases.ContactsPageTest"/>
  <testcase name="newcontactlinkTest" time="4.994" classname="com.automationFramework.testcases.ContactsPageTest"/>
</testsuite> <!-- Default test -->
