<?xml version="1.0" encoding="UTF-8"?>
<!-- Generated by org.testng.reporters.JUnitXMLReporter -->
<testsuite hostname="LAPTOP-0P5Q4BUF" ignored="0" name="Free CRM Application" tests="11" failures="0" timestamp="2020-08-13T12:18:24 IST" time="240.89" errors="0">
  <testcase name="loginPageTitleTest" time="0.034" classname="com.automationFramework.testcases.LoginPageTest"/>
  <testcase name="loginPagelogo" time="0.227" classname="com.automationFramework.testcases.LoginPageTest"/>
  <testcase name="crmlogin" time="5.725" classname="com.automationFramework.testcases.LoginPageTest"/>
  <testcase name="verifyHomePageTitleTest" time="5.035" classname="com.automationFramework.testcases.HomePageTest"/>
  <testcase name="verifyDisplayNameTest" time="0.358" classname="com.automationFramework.testcases.HomePageTest"/>
  <testcase name="clickoncontacts" time="2.123" classname="com.automationFramework.testcases.HomePageTest"/>
  <testcase name="clickoncalendar" time="1.776" classname="com.automationFramework.testcases.HomePageTest"/>
  <testcase name="verifycontactsTest" time="0.207" classname="com.automationFramework.testcases.ContactsPageTest"/>
  <testcase name="newcontactlinkTest" time="6.063" classname="com.automationFramework.testcases.ContactsPageTest"/>
  <testcase name="newcontactlinkTest" time="5.058" classname="com.automationFramework.testcases.ContactsPageTest"/>
  <testcase name="newcontactlinkTest" time="4.597" classname="com.automationFramework.testcases.ContactsPageTest"/>
</testsuite> <!-- Free CRM Application -->
