<?xml version="1.0" encoding="UTF-8"?>
<!-- Generated by org.testng.reporters.JUnitXMLReporter -->
<testsuite hostname="LAPTOP-0P5Q4BUF" ignored="0" name="Command line test" tests="14" failures="0" timestamp="2020-08-13T16:10:41 IST" time="279.967" errors="0">
  <testcase name="userdpdwn" time="0.107" classname="com.automationFramework.testcases.CalendarPageTest"/>
  <testcase name="monthdd" time="1.68" classname="com.automationFramework.testcases.CalendarPageTest"/>
  <testcase name="yeardd" time="1.426" classname="com.automationFramework.testcases.CalendarPageTest"/>
  <testcase name="verifycontactsTest" time="0.056" classname="com.automationFramework.testcases.ContactsPageTest"/>
  <testcase name="newcontactlinkTest" time="4.582" classname="com.automationFramework.testcases.ContactsPageTest"/>
  <testcase name="newcontactlinkTest" time="4.04" classname="com.automationFramework.testcases.ContactsPageTest"/>
  <testcase name="newcontactlinkTest" time="3.505" classname="com.automationFramework.testcases.ContactsPageTest"/>
  <testcase name="verifyHomePageTitleTest" time="5.016" classname="com.automationFramework.testcases.HomePageTest"/>
  <testcase name="verifyDisplayNameTest" time="0.087" classname="com.automationFramework.testcases.HomePageTest"/>
  <testcase name="clickoncontacts" time="1.515" classname="com.automationFramework.testcases.HomePageTest"/>
  <testcase name="clickoncalendar" time="1.562" classname="com.automationFramework.testcases.HomePageTest"/>
  <testcase name="loginPageTitleTest" time="0.006" classname="com.automationFramework.testcases.LoginPageTest"/>
  <testcase name="loginPagelogo" time="0.071" classname="com.automationFramework.testcases.LoginPageTest"/>
  <testcase name="crmlogin" time="5.226" classname="com.automationFramework.testcases.LoginPageTest"/>
</testsuite> <!-- Command line test -->
